============================================================
  Generated by:           Genus(TM) Synthesis Solution 21.18-s082_1
  Generated on:           Jul 11 2024  01:02:01 am
  Module:                 gpio_controller
  Operating conditions:   PVT_0P9V_125C (balanced_tree)
  Wireload mode:          enclosed
  Area mode:              timing library
============================================================

Timing
--------

Clock  Period 
--------------
clk   10000.0 


  Cost    Critical         Violating 
 Group   Path Slack  TNS     Paths   
-------------------------------------
clk          7355.1   0.0          0 
default    No paths   0.0            
-------------------------------------
Total                 0.0          0 

Instance Count
--------------
Leaf Instance Count             90 
Physical Instance count          0 
Sequential Instance Count       34 
Combinational Instance Count    56 
Hierarchical Instance Count      0 

Area
----
Cell Area                          342.000
Physical Cell Area                 0.000
Total Cell Area (Cell+Physical)    342.000
Net Area                           0.000
Total Area (Cell+Physical+Net)     342.000

Max Fanout                         34 (clk)
Min Fanout                         0 (rst_n)
Average Fanout                     2.1
Terms to net ratio                 2.6164
Terms to instance ratio            4.6222
Runtime                            15.999994 seconds
Elapsed Runtime                    17 seconds
Genus peak memory usage            1281.49 
Innovus peak memory usage          no_value 
Hostname                           ip-10-3-90-108
