*----------------------------------------------------------------------------------------
*	Innovus 21.18-s099_1 (64bit) 07/18/2023 13:03 (Linux 3.10.0-693.el7.x86_64)
*	
*
* 	Date & Time:	2024-Jul-11 02:14:02 (2024-Jul-11 00:14:02 GMT)
*
*----------------------------------------------------------------------------------------
*
*	Design: gpio_controller
*
*	Liberty Libraries used: 
*	        wc: ../lib/slow_vdd1v0_basicCells.lib
*
*	Power Domain used: 
*              Rail:        VDD      Voltage:        0.9 
*
*       Power View : wc
*
*       User-Defined Activity : N.A.
*
*       Activity File: N.A.
*
*       Hierarchical Global Activity: N.A.
*
*       Global Activity: N.A.
*
*       Sequential Element Activity: N.A.
*
*       Primary Input Activity: 0.200000
*
*       Default icg ratio: N.A.
*
*       Global Comb ClockGate Ratio: N.A.
*
*	Power Units = 1mW
*
*	Time Units = 1e-09 secs 
*
*       Temperature = 125 
*
*       report_power -outfile ./run1/gpio_controller.rpt -rail_analysis_format VS
*
-----------------------------------------------------------------------------------------
Cell                            Internal   Switching       Total     Leakage   Cell
                                   Power       Power       Power       Power   Name
--------------------------------------------------------------------------------------
wb_dat_o_reg[1]                0.0003379    1.75e-05   0.0003556   1.321e-07  DFFRHQX1
wb_dat_o_reg[7]                0.0003379   1.645e-05   0.0003545   1.321e-07  DFFRHQX1
wb_dat_o_reg[11]               0.0003379   1.547e-05   0.0003535   1.321e-07  DFFRHQX1
wb_dat_o_reg[15]               0.0003379   1.516e-05   0.0003532   1.321e-07  DFFRHQX1
wb_dat_o_reg[9]                0.0003379   1.328e-05   0.0003513   1.321e-07  DFFRHQX1
wb_dat_o_reg[2]                0.0003379    1.32e-05   0.0003512   1.321e-07  DFFRHQX1
wb_dat_o_reg[4]                0.0003379   1.297e-05    0.000351   1.321e-07  DFFRHQX1
wb_dat_o_reg[8]                 0.000338   1.177e-05   0.0003499   1.321e-07  DFFRHQX1
wb_dat_o_reg[3]                 0.000338   1.122e-05   0.0003493   1.321e-07  DFFRHQX1
wb_dat_o_reg[5]                 0.000338   1.099e-05   0.0003491   1.321e-07  DFFRHQX1
wb_dat_o_reg[13]               0.0003379    1.08e-05   0.0003488   1.321e-07  DFFRHQX1
wb_dat_o_reg[14]               0.0003379   9.999e-06   0.0003481   1.321e-07  DFFRHQX1
wb_dat_o_reg[6]                0.0003379   9.954e-06    0.000348   1.321e-07  DFFRHQX1
wb_dat_o_reg[10]               0.0003379    9.83e-06   0.0003479   1.321e-07  DFFRHQX1
wb_dat_o_reg[12]               0.0003379   9.446e-06   0.0003475   1.321e-07  DFFRHQX1
wb_dat_o_reg[0]                0.0003379    9.41e-06   0.0003475   1.321e-07  DFFRHQX1
gpio_odr_reg[15]               0.0003373   9.735e-06   0.0003472   1.741e-07  SDFFRHQX1
gpio_odr_reg[12]               0.0003373   9.525e-06    0.000347   1.741e-07  SDFFRHQX1
gpio_odr_reg[6]                0.0003373   9.384e-06   0.0003468   1.741e-07  SDFFRHQX1
gpio_odr_reg[4]                0.0003373   9.083e-06   0.0003465   1.741e-07  SDFFRHQX1
gpio_odr_reg[3]                0.0003373   9.052e-06   0.0003465   1.741e-07  SDFFRHQX1
gpio_odr_reg[5]                0.0003373   9.019e-06   0.0003465   1.741e-07  SDFFRHQX1
gpio_odr_reg[14]               0.0003373   8.892e-06   0.0003463   1.741e-07  SDFFRHQX1
gpio_odr_reg[2]                0.0003373   8.405e-06   0.0003458   1.741e-07  SDFFRHQX1
gpio_odr_reg[0]                0.0003373    8.37e-06   0.0003458   1.741e-07  SDFFRHQX1
gpio_odr_reg[10]               0.0003373    7.98e-06   0.0003454   1.741e-07  SDFFRHQX1
gpio_odr_reg[7]                0.0003373   7.717e-06   0.0003452   1.741e-07  SDFFRHQX1
gpio_odr_reg[9]                0.0003373   7.675e-06   0.0003451   1.741e-07  SDFFRHQX1
gpio_odr_reg[13]               0.0003373   7.602e-06    0.000345   1.741e-07  SDFFRHQX1
gpio_odr_reg[8]                0.0003373   7.494e-06   0.0003449   1.741e-07  SDFFRHQX1
gpio_odr_reg[11]               0.0003373    7.11e-06   0.0003446   1.741e-07  SDFFRHQX1
gpio_odr_reg[1]                0.0003373   7.025e-06   0.0003445   1.741e-07  SDFFRHQX1
wb_ack_o_reg                   0.0003087   2.011e-05    0.000329   1.269e-07  DFFRHQX1
wb_dat_o_reg[16]               0.0003141   6.259e-06   0.0003205   1.313e-07  DFFRHQX1
g2245__4733                     1.64e-05   8.255e-05   9.901e-05   5.652e-08  OR2X2
g2269                          6.578e-06   8.069e-05   8.732e-05   4.498e-08  INVX2
g2267__5122                    1.066e-05   4.991e-05   6.062e-05   5.187e-08  AND2X2
g2268__8246                    1.065e-05   4.601e-05   5.671e-05   5.187e-08  AND2X2
g2254__3680                    4.088e-05   9.295e-06   5.023e-05    5.86e-08  AOI222X1
g2252__5526                    4.088e-05   7.919e-06   4.886e-05    5.86e-08  AOI222X1
g2256__5107                    4.088e-05   7.053e-06   4.799e-05    5.86e-08  AOI222X1
g2249__6260                    4.088e-05    6.85e-06   4.779e-05    5.86e-08  AOI222X1
g2251__8428                    4.088e-05   6.701e-06   4.764e-05    5.86e-08  AOI222X1
g2263__5477                    3.004e-05   1.238e-05   4.248e-05   6.407e-08  AOI222X1
g2260__9945                    3.003e-05   1.065e-05   4.075e-05   6.407e-08  AOI222X1
g2257__7410                    3.004e-05   1.036e-05   4.047e-05   6.407e-08  AOI222X1
g2261__1666                    3.004e-05   8.816e-06   3.892e-05   6.407e-08  AOI222X1
g2255__1617                    3.004e-05   7.906e-06   3.801e-05   6.407e-08  AOI222X1
g2265__2802                    3.004e-05   7.281e-06   3.739e-05   6.407e-08  AOI222X1
g2264__2398                    3.004e-05    6.82e-06   3.692e-05   6.407e-08  AOI222X1
g2259__2346                    3.004e-05   6.678e-06   3.678e-05   6.407e-08  AOI222X1
g2262__6417                    3.004e-05    6.56e-06   3.666e-05   6.407e-08  AOI222X1
g2258__2883                    3.004e-05    6.56e-06   3.666e-05   6.407e-08  AOI222X1
g2250__4319                    3.004e-05   6.302e-06    3.64e-05   6.407e-08  AOI222X1
g2236__6260                    2.867e-05   4.458e-06   3.317e-05   4.707e-08  OAI2BB1X1
g2237__4319                    1.364e-05   1.358e-05   2.725e-05   3.043e-08  NAND2X1
g2244__1705                    1.364e-05   1.309e-05   2.676e-05   3.043e-08  NAND2X1
g2234__1617                    1.363e-05   1.296e-05   2.663e-05   3.043e-08  NAND2X1
g2231__1881                    1.364e-05   1.291e-05   2.658e-05   3.043e-08  NAND2X1
g2239__5526                    1.362e-05    1.27e-05   2.635e-05   3.043e-08  NAND2X1
g2243__5122                    1.361e-05   1.233e-05   2.597e-05   3.043e-08  NAND2X1
g2241__3680                    1.359e-05   1.186e-05   2.548e-05   3.043e-08  NAND2X1
g2228__8246                    1.362e-05   1.143e-05   2.507e-05   3.043e-08  NAND2X1
g2232__5115                    1.364e-05   1.084e-05   2.451e-05   3.043e-08  NAND2X1
g2230__6131                    1.363e-05   1.064e-05    2.43e-05   3.043e-08  NAND2X1
g2238__8428                    1.361e-05    1.05e-05   2.414e-05   3.043e-08  NAND2X1
g2233__2802                    1.363e-05   1.047e-05   2.413e-05   3.043e-08  NAND2X1
g2235__5107                    1.363e-05    9.67e-06   2.333e-05   3.043e-08  NAND2X1
g2229__7098                    1.364e-05   8.863e-06   2.253e-05   3.043e-08  NAND2X1
g2242__2398                    1.363e-05    8.42e-06   2.209e-05   3.043e-08  NAND2X1
g2240__6783                    1.364e-05   8.236e-06    2.19e-05   3.043e-08  NAND2X1
g2270__1881                    1.623e-05   4.132e-06    2.04e-05   3.693e-08  NOR3BX1
g2280__9945                    7.892e-06   1.206e-05   1.998e-05   2.606e-08  NAND2X1
g2273__6131                    5.511e-06   1.212e-05   1.765e-05   2.302e-08  NOR2X1
g2283                          4.678e-06   6.924e-06   1.162e-05   2.082e-08  INVX1
g2278__9315                    7.983e-06   3.571e-06   1.158e-05   2.576e-08  NOR2X1
g2274__5115                    9.225e-06   2.144e-06   1.141e-05   3.557e-08  OR4X1
g2276__4733                    9.225e-06   2.031e-06   1.129e-05   3.557e-08  OR4X1
g2277__6161                    8.836e-06   2.352e-06   1.121e-05   2.625e-08  NOR4X1
g2271__7098                    9.223e-06   1.946e-06    1.12e-05   3.557e-08  OR4X1
g2275__7482                    9.225e-06   1.467e-06   1.073e-05   3.557e-08  OR4X1
g2279                          4.606e-06   3.951e-06   8.577e-06   2.017e-08  INVX1
g2282                          4.678e-06   3.392e-06    8.09e-06   2.082e-08  INVX1
g2281                          4.677e-06   1.846e-06   6.544e-06   2.082e-08  INVX1
g2253__6783                    1.414e-06   3.716e-09    1.44e-06   2.183e-08  NOR4X1
g2247__6161                    1.408e-06           0    1.43e-06   2.182e-08  NOR4X1
g2266__1705                    1.083e-06   9.765e-08   1.214e-06    3.35e-08  OR4X1
g2227__7482                    9.929e-07           0   1.027e-06   3.388e-08  OR4X1
g2248__9315                    3.733e-08   3.624e-12   6.815e-08   3.082e-08  NAND4X1
FE_OFC0_n_33                   1.839e-11   4.958e-12    5.64e-08   5.638e-08  BUFX2
FE_OFC1_n_55                           0           0   5.638e-08   5.638e-08  BUFX2
g2246                                  0           0   1.042e-08   1.042e-08  INVXL

---------------------------------------------------------------------------------------

Total (     92 of     92  )      0.01236   0.0009862    0.01335   7.524e-06
Total Capacitance                1.461e-13 F
Power Density                   *** No Die Area ***
